c:\users\administrator\desktop\class\github\escape\escape\debug\vc140.pdb
c:\users\rzzil\documents\github\escape\escape\debug\vc140.pdb
c:\users\rzzil\documents\github\escape\escape\debug\vc140.idb
c:\users\rzzil\documents\github\escape\escape\debug\animation.obj
c:\users\rzzil\documents\github\escape\escape\debug\entity.obj
c:\users\rzzil\documents\github\escape\escape\debug\gameoverstate.obj
c:\users\rzzil\documents\github\escape\escape\debug\gameplayscreenstate.obj
c:\users\rzzil\documents\github\escape\escape\debug\gamestate.obj
c:\users\rzzil\documents\github\escape\escape\debug\gamestatemachine.obj
c:\users\rzzil\documents\github\escape\escape\debug\globalgamestate.obj
c:\users\rzzil\documents\github\escape\escape\debug\inputhandler.obj
c:\users\rzzil\documents\github\escape\escape\debug\keyboardhandler.obj
c:\users\rzzil\documents\github\escape\escape\debug\main.obj
c:\users\rzzil\documents\github\escape\escape\debug\menuscreenstate.obj
c:\users\rzzil\documents\github\escape\escape\debug\mousehandler.obj
c:\users\rzzil\documents\github\escape\escape\debug\player.obj
c:\users\rzzil\documents\github\escape\escape\debug\secondplayscreenstate.obj
c:\users\rzzil\documents\github\escape\escape\debug\soundmanager.obj
c:\users\rzzil\documents\github\escape\escape\debug\vector.obj
c:\users\rzzil\documents\github\escape\escape\debug\winscreenstate.obj
c:\users\administrator\desktop\class\github\escape\debug\escape.ilk
c:\users\administrator\desktop\class\github\escape\debug\escape.exe
c:\users\administrator\desktop\class\github\escape\debug\escape.pdb
c:\users\rzzil\documents\github\escape\debug\escape.ilk
c:\users\rzzil\documents\github\escape\debug\escape.exe
c:\users\rzzil\documents\github\escape\debug\escape.pdb
c:\users\rzzil\documents\github\escape\escape\debug\gameplayscreenstate.obj.enc
c:\users\rzzil\documents\github\escape\escape\debug\escape.tlog\cl.command.1.tlog
c:\users\rzzil\documents\github\escape\escape\debug\escape.tlog\cl.read.1.tlog
c:\users\rzzil\documents\github\escape\escape\debug\escape.tlog\cl.write.1.tlog
c:\users\rzzil\documents\github\escape\escape\debug\escape.tlog\link.command.1.tlog
c:\users\rzzil\documents\github\escape\escape\debug\escape.tlog\link.read.1.tlog
c:\users\rzzil\documents\github\escape\escape\debug\escape.tlog\link.write.1.tlog
